<?xml version="1.0" encoding="utf-8"?><testsuites name="pytest tests"><testsuite name="pytest" errors="0" failures="0" skipped="0" tests="11" time="3.574" timestamp="2026-05-19T02:09:56.951701+00:00" hostname="agent-env-8ddf1d1c-c88d-4aeb-94a9-5e91905b9b55"><testcase classname="backend.tests.backend_test.TestAuth" name="test_login_wrong_password" time="0.660" /><testcase classname="backend.tests.backend_test.TestAuth" name="test_login_success" time="0.087" /><testcase classname="backend.tests.backend_test.TestAuth" name="test_protected_without_auth" time="0.282" /><testcase classname="backend.tests.backend_test.TestAuth" name="test_protected_invalid_token" time="0.070" /><testcase classname="backend.tests.backend_test.TestProxy" name="test_servidores" time="0.500" /><testcase classname="backend.tests.backend_test.TestProxy" name="test_estadisticas" time="0.502" /><testcase classname="backend.tests.backend_test.TestProxy" name="test_tickets" time="0.405" /><testcase classname="backend.tests.backend_test.TestProxy" name="test_transcript_invalid" time="0.452" /><testcase classname="backend.tests.backend_test.TestProxy" name="test_cerrar_ticket_invalid" time="0.358" /><testcase classname="backend.tests.backend_test.TestProxy" name="test_cerrar_ticket_validation" time="0.098" /><testcase classname="backend.tests.backend_test.TestProxy" name="test_configurar_servidor_validation" time="0.095" /></testsuite></testsuites>